<?xml version="1.0" encoding="utf-8"?><testsuites name="pytest tests"><testsuite name="pytest" errors="0" failures="0" skipped="0" tests="29" time="4.230" timestamp="2026-06-19T09:45:34.405920+00:00" hostname="agent-env-acc266f6-9db5-4c9d-b1ff-3c1fe6cd8d35"><testcase classname="backend.tests.test_phase2.TestPublic" name="test_site_content_public" time="0.272" /><testcase classname="backend.tests.test_phase2.TestPublic" name="test_site_settings_public" time="0.131" /><testcase classname="backend.tests.test_phase2.TestPublic" name="test_create_quote_public_still_works" time="0.181" /><testcase classname="backend.tests.test_phase2.TestPublic" name="test_create_contact_public_still_works" time="0.099" /><testcase classname="backend.tests.test_phase2.TestAuthGuards" name="test_legacy_quotes_requires_auth" time="0.146" /><testcase classname="backend.tests.test_phase2.TestAuthGuards" name="test_legacy_contact_requires_auth" time="0.097" /><testcase classname="backend.tests.test_phase2.TestAuthGuards" name="test_admin_quotes_no_auth" time="0.101" /><testcase classname="backend.tests.test_phase2.TestAuthGuards" name="test_admin_messages_no_auth" time="0.127" /><testcase classname="backend.tests.test_phase2.TestAuthGuards" name="test_admin_media_list_no_auth" time="0.105" /><testcase classname="backend.tests.test_phase2.TestAuthGuards" name="test_admin_media_post_no_auth" time="0.152" /><testcase classname="backend.tests.test_phase2.TestAuthGuards" name="test_admin_site_content_no_auth" time="0.148" /><testcase classname="backend.tests.test_phase2.TestAuthGuards" name="test_auth_session_invalid" time="0.269" /><testcase classname="backend.tests.test_phase2.TestAuthGuards" name="test_auth_session_no_body" time="0.095" /><testcase classname="backend.tests.test_phase2.TestNonAdminAccess" name="test_me_works_for_nonadmin" time="0.123" /><testcase classname="backend.tests.test_phase2.TestNonAdminAccess" name="test_admin_quotes_forbidden_for_nonadmin" time="0.104" /><testcase classname="backend.tests.test_phase2.TestAdminAccess" name="test_me_returns_admin" time="0.091" /><testcase classname="backend.tests.test_phase2.TestAdminAccess" name="test_admin_quotes_ok" time="0.140" /><testcase classname="backend.tests.test_phase2.TestAdminAccess" name="test_admin_messages_ok" time="0.102" /><testcase classname="backend.tests.test_phase2.TestMediaFlow" name="test_upload_media" time="0.267" /><testcase classname="backend.tests.test_phase2.TestMediaFlow" name="test_serve_media_public" time="0.190" /><testcase classname="backend.tests.test_phase2.TestMediaFlow" name="test_list_admin_media" time="0.095" /><testcase classname="backend.tests.test_phase2.TestMediaFlow" name="test_delete_media" time="0.097" /><testcase classname="backend.tests.test_phase2.TestMediaFlow" name="test_serve_media_404_after_delete" time="0.114" /><testcase classname="backend.tests.test_phase2.TestSiteContent" name="test_create" time="0.111" /><testcase classname="backend.tests.test_phase2.TestSiteContent" name="test_list_admin" time="0.101" /><testcase classname="backend.tests.test_phase2.TestSiteContent" name="test_public_reflects" time="0.098" /><testcase classname="backend.tests.test_phase2.TestSiteContent" name="test_patch" time="0.100" /><testcase classname="backend.tests.test_phase2.TestSiteContent" name="test_delete" time="0.204" /><testcase classname="backend.tests.test_phase2.TestSiteSettings" name="test_put_hero_headline_and_public_reflects" time="0.213" /></testsuite></testsuites>