<?xml version="1.0" encoding="utf-8"?><testsuites name="pytest tests"><testsuite name="pytest" errors="0" failures="0" skipped="0" tests="15" time="1.270" timestamp="2026-06-19T07:08:09.879315+00:00" hostname="agent-env-acc266f6-9db5-4c9d-b1ff-3c1fe6cd8d35"><testcase classname="backend.tests.test_purefit_api" name="test_root" time="0.164" /><testcase classname="backend.tests.test_purefit_api.TestQuotes" name="test_create_quote_minimal" time="0.065" /><testcase classname="backend.tests.test_purefit_api.TestQuotes" name="test_create_quote_with_uploads" time="0.162" /><testcase classname="backend.tests.test_purefit_api.TestQuotes" name="test_list_quotes_excludes_base64" time="0.082" /><testcase classname="backend.tests.test_purefit_api.TestQuotes" name="test_get_quote_by_id" time="0.040" /><testcase classname="backend.tests.test_purefit_api.TestQuotes" name="test_get_quote_not_found" time="0.039" /><testcase classname="backend.tests.test_purefit_api.TestQuotes" name="test_create_quote_missing_email" time="0.081" /><testcase classname="backend.tests.test_purefit_api.TestQuotes" name="test_create_quote_missing_name" time="0.039" /><testcase classname="backend.tests.test_purefit_api.TestQuotes" name="test_create_quote_invalid_email" time="0.085" /><testcase classname="backend.tests.test_purefit_api.TestContact" name="test_create_contact" time="0.092" /><testcase classname="backend.tests.test_purefit_api.TestContact" name="test_list_contact" time="0.041" /><testcase classname="backend.tests.test_purefit_api.TestContact" name="test_contact_missing_email" time="0.039" /><testcase classname="backend.tests.test_purefit_api.TestContact" name="test_contact_missing_message" time="0.040" /><testcase classname="backend.tests.test_purefit_api.TestContact" name="test_contact_missing_name" time="0.041" /><testcase classname="backend.tests.test_purefit_api.TestContact" name="test_contact_invalid_email" time="0.080" /></testsuite></testsuites>